#
# A fatal error has been detected by the Java Runtime Environment:
#
#  EXCEPTION_ACCESS_VIOLATION (0xc0000005) at pc=0x000000005692ba1f, pid=5240, tid=0x0000000000000480
#
# JRE version: OpenJDK Runtime Environment (8.0_152-b01) (build 1.8.0_152-release-1248-b01)
# Java VM: OpenJDK 64-Bit Server VM (25.152-b01 mixed mode windows-amd64 compressed oops)
# Problematic frame:
# V  [jvm.dll+0x9ba1f]
#
# Failed to write core dump. Minidumps are not enabled by default on client versions of Windows
#
# If you would like to submit a bug report, please visit:
#   http://bugreport.java.com/bugreport/crash.jsp
#

---------------  T H R E A D  ---------------

Current thread (0x000000001d3d9800):  JavaThread "Task worker for ':'" [_thread_in_vm, id=1152, stack(0x000000005b6e0000,0x000000005b7e0000)]

siginfo: ExceptionCode=0xc0000005, reading address 0x000000000000009c

Registers:
RAX=0x0000000000000000, RBX=0x0000000100c4d258, RCX=0x0000000000000000, RDX=0x0000000000000000
RSP=0x000000005b7dac40, RBP=0x00000000000010b7, RSI=0x000000005b7dad10, RDI=0x000000001d3d9800
R8 =0x0000000000000000, R9 =0x0000000000000000, R10=0x0000000026b836b0, R11=0x0000000000000000
R12=0x000000005b7dad50, R13=0x000000000000002a, R14=0x000000005b7dad00, R15=0x0000000000000000
RIP=0x000000005692ba1f, EFLAGS=0x0000000000010287

Top of Stack: (sp=0x000000005b7dac40)
0x000000005b7dac40:   00000000000010b7 000000001d3d9800
0x000000005b7dac50:   000000005b7dad50 000000005b7dac80
0x000000005b7dac60:   0000000021bac3b8 000000001d3d9800
0x000000005b7dac70:   000000001d3d9800 000000001d3d9800
0x000000005b7dac80:   0000000000000000 000000001d3d9800
0x000000005b7dac90:   000000005b7dadd8 000000001d3d9800
0x000000005b7daca0:   000000005b7dad88 00000000000010b7
0x000000005b7dacb0:   000000000000002a 000000001e819630
0x000000005b7dacc0:   0000000026b836b0 000000005691bf87
0x000000005b7dacd0:   000000001d3d9800 0000000000000000
0x000000005b7dace0:   0000000026b836b0 000000005b7dae60
0x000000005b7dacf0:   00000000000010b7 000000001d3d9800
0x000000005b7dad00:   0000000000000000 0000000000000000
0x000000005b7dad10:   0000000026b836b0 000000001d3d9800
0x000000005b7dad20:   000000001d3d9800 0000000000000000
0x000000005b7dad30:   0000000026b84718 0000000000000000 

Instructions: (pc=0x000000005692ba1f)
0x000000005692b9ff:   8b 14 24 c6 44 24 30 01 49 8b ce c6 44 24 28 01
0x000000005692ba0f:   48 89 5c 24 20 e8 a7 d6 ff ff eb 4f 49 8b 04 24
0x000000005692ba1f:   8b 88 9c 00 00 00 c1 e9 09 f6 c1 01 49 8b ce 75
0x000000005692ba2f:   19 c6 44 24 30 00 48 8b d0 c6 44 24 28 01 48 89 


Register to memory mapping:

RAX=0x0000000000000000 is an unknown value
RBX=0x0000000100c4d258 is pointing into metadata
RCX=0x0000000000000000 is an unknown value
RDX=0x0000000000000000 is an unknown value
RSP=0x000000005b7dac40 is pointing into the stack for thread: 0x000000001d3d9800
RBP=0x00000000000010b7 is an unknown value
RSI=0x000000005b7dad10 is pointing into the stack for thread: 0x000000001d3d9800
RDI=0x000000001d3d9800 is a thread
R8 =0x0000000000000000 is an unknown value
R9 =0x0000000000000000 is an unknown value
R10=0x0000000026b836b0 is pointing into metadata
R11=0x0000000000000000 is an unknown value
R12=0x000000005b7dad50 is pointing into the stack for thread: 0x000000001d3d9800
R13=0x000000000000002a is an unknown value
R14=0x000000005b7dad00 is pointing into the stack for thread: 0x000000001d3d9800
R15=0x0000000000000000 is an unknown value


Stack: [0x000000005b6e0000,0x000000005b7e0000],  sp=0x000000005b7dac40,  free space=1003k
Native frames: (J=compiled Java code, j=interpreted, Vv=VM code, C=native code)
V  [jvm.dll+0x9ba1f]
V  [jvm.dll+0x8bf87]
V  [jvm.dll+0x20685c]
V  [jvm.dll+0x207f07]
V  [jvm.dll+0x208a46]
V  [jvm.dll+0x2095e8]
C  0x0000000002a95f5e

Java frames: (J=compiled Java code, j=interpreted, Vv=VM code)
v  ~RuntimeStub::resolve_opt_virtual_call
J 26003 C2 com.android.utils.PositionXmlParser$DomBuilder.startElement(Ljava/lang/String;Ljava/lang/String;Ljava/lang/String;Lorg/xml/sax/Attributes;)V (272 bytes) @ 0x000000000707978c [0x00000000070776a0+0x20ec]
J 8387 C2 com.sun.org.apache.xerces.internal.impl.XMLNSDocumentScannerImpl.scanStartElement()Z (1026 bytes) @ 0x0000000004124ed4 [0x0000000004124060+0xe74]
J 24601 C1 com.sun.org.apache.xerces.internal.impl.XMLNSDocumentScannerImpl$NSContentDriver.scanRootElementHook()Z (41 bytes) @ 0x0000000006c53664 [0x0000000006c535a0+0xc4]
J 15893 C2 com.sun.org.apache.xerces.internal.impl.XMLDocumentFragmentScannerImpl$FragmentContentDriver.next()I (2346 bytes) @ 0x00000000053bd730 [0x00000000053ba980+0x2db0]
J 24600 C1 com.sun.org.apache.xerces.internal.impl.XMLDocumentScannerImpl$PrologDriver.next()I (1131 bytes) @ 0x0000000006c63d74 [0x0000000006c60280+0x3af4]
J 17104 C2 com.sun.org.apache.xerces.internal.impl.XMLDocumentFragmentScannerImpl.scanDocument(Z)Z (342 bytes) @ 0x000000000569ecd8 [0x000000000569eb00+0x1d8]
J 24769 C1 com.sun.org.apache.xerces.internal.parsers.XML11Configuration.parse(Z)Z (148 bytes) @ 0x0000000006d0c3cc [0x0000000006d0bb60+0x86c]
J 24713 C1 com.sun.org.apache.xerces.internal.parsers.XML11Configuration.parse(Lcom/sun/org/apache/xerces/internal/xni/parser/XMLInputSource;)V (77 bytes) @ 0x0000000006cd79ac [0x0000000006cd7780+0x22c]
J 24710 C1 com.sun.org.apache.xerces.internal.parsers.XMLParser.parse(Lcom/sun/org/apache/xerces/internal/xni/parser/XMLInputSource;)V (82 bytes) @ 0x0000000006cd5204 [0x0000000006cd4d20+0x4e4]
J 24728 C1 com.sun.org.apache.xerces.internal.parsers.AbstractSAXParser.parse(Lorg/xml/sax/InputSource;)V (208 bytes) @ 0x0000000006cdfe3c [0x0000000006cdf8e0+0x55c]
J 24727 C1 com.sun.org.apache.xerces.internal.jaxp.SAXParserImpl$JAXPSAXParser.parse(Lorg/xml/sax/InputSource;)V (57 bytes) @ 0x0000000006ce241c [0x0000000006ce1f20+0x4fc]
J 24751 C1 com.sun.org.apache.xerces.internal.jaxp.SAXParserImpl.parse(Lorg/xml/sax/InputSource;Lorg/xml/sax/helpers/DefaultHandler;)V (65 bytes) @ 0x0000000006cf28d4 [0x0000000006cf23c0+0x514]
J 24696 C1 com.android.utils.PositionXmlParser.parse(Ljava/lang/String;Lorg/xml/sax/InputSource;ZZ)Lorg/w3c/dom/Document; (117 bytes) @ 0x0000000006cc4574 [0x0000000006cc3c80+0x8f4]
J 24700 C1 com.android.utils.PositionXmlParser.parse(Ljava/io/InputStream;Z)Lorg/w3c/dom/Document; (54 bytes) @ 0x0000000006cc7a8c [0x0000000006cc6ae0+0xfac]
J 24699 C1 com.android.utils.PositionXmlParser.parse(Ljava/io/InputStream;)Lorg/w3c/dom/Document; (6 bytes) @ 0x0000000006cc8b24 [0x0000000006cc8ac0+0x64]
j  com.android.manifmerger.XmlLoader.load(Lcom/android/manifmerger/KeyResolver;Lcom/android/manifmerger/PlaceholderHandler$KeyBasedValueResolver;Ljava/lang/String;Ljava/io/File;Ljava/io/InputStream;Lcom/android/manifmerger/XmlDocument$Type;Lcom/google/common/base/Optional;)Lcom/android/manifmerger/XmlDocument;+2
j  com.android.manifmerger.ManifestMerger2.load(Lcom/android/manifmerger/ManifestMerger2$ManifestInfo;Lcom/android/manifmerger/KeyResolver;Lcom/android/manifmerger/MergingReport$Builder;)Lcom/android/manifmerger/ManifestMerger2$LoadedManifestInfo;+38
j  com.android.manifmerger.ManifestMerger2.merge()Lcom/android/manifmerger/MergingReport;+50
j  com.android.manifmerger.ManifestMerger2.access$600(Lcom/android/manifmerger/ManifestMerger2;)Lcom/android/manifmerger/MergingReport;+1
j  com.android.manifmerger.ManifestMerger2$Invoker.merge()Lcom/android/manifmerger/MergingReport;+165
j  com.android.builder.core.AndroidBuilder.mergeManifestsForApplication(Ljava/io/File;Ljava/util/List;Ljava/util/List;Ljava/util/List;Ljava/lang/String;Ljava/lang/String;ILjava/lang/String;Ljava/lang/String;Ljava/lang/String;Ljava/lang/Integer;Ljava/lang/String;Ljava/lang/String;Ljava/lang/String;Ljava/lang/String;Ljava/lang/String;Ljava/lang/String;Lcom/android/manifmerger/ManifestMerger2$MergeType;Ljava/util/Map;Ljava/util/Collection;Ljava/io/File;)Lcom/android/manifmerger/MergingReport;+133
j  com.android.build.gradle.tasks.ProcessApplicationManifest.doFullTaskAction()V+563
j  com.android.build.gradle.internal.tasks.IncrementalTask.taskAction(Lorg/gradle/api/tasks/incremental/IncrementalTaskInputs;)V+33
j  sun.reflect.GeneratedMethodAccessor246.invoke(Ljava/lang/Object;[Ljava/lang/Object;)Ljava/lang/Object;+40
J 6466 C2 java.lang.reflect.Method.invoke(Ljava/lang/Object;[Ljava/lang/Object;)Ljava/lang/Object; (62 bytes) @ 0x0000000003cec304 [0x0000000003cec280+0x84]
J 24985 C1 org.gradle.internal.reflect.JavaMethod.invoke(Ljava/lang/Object;[Ljava/lang/Object;)Ljava/lang/Object; (74 bytes) @ 0x0000000006e0e8bc [0x0000000006e0e7a0+0x11c]
j  org.gradle.api.internal.project.taskfactory.IncrementalTaskAction.doExecute(Lorg/gradle/api/Task;Ljava/lang/String;)V+39
j  org.gradle.api.internal.project.taskfactory.StandardTaskAction.execute(Lorg/gradle/api/Task;)V+32
j  org.gradle.api.internal.project.taskfactory.StandardTaskAction.execute(Ljava/lang/Object;)V+5
j  org.gradle.api.internal.tasks.execution.ExecuteActionsTaskExecuter$1.run(Lorg/gradle/internal/operations/BuildOperationContext;)V+23
J 23054 C2 org.gradle.internal.operations.DefaultBuildOperationExecutor$RunnableBuildOperationWorker.execute(Lorg/gradle/internal/operations/BuildOperation;Lorg/gradle/internal/operations/BuildOperationContext;)V (10 bytes) @ 0x00000000035dc088 [0x00000000035dc020+0x68]
J 24996 C1 org.gradle.internal.operations.DefaultBuildOperationExecutor.execute(Lorg/gradle/internal/operations/BuildOperation;Lorg/gradle/internal/operations/BuildOperationWorker;Lorg/gradle/internal/operations/DefaultBuildOperationExecutor$BuildOperationState;)V (336 bytes) @ 0x0000000006e19e5c [0x0000000006e182c0+0x1b9c]
J 25492 C2 org.gradle.internal.operations.DelegatingBuildOperationExecutor.run(Lorg/gradle/internal/operations/RunnableBuildOperation;)V (11 bytes) @ 0x00000000041c02a8 [0x00000000041c0200+0xa8]
j  org.gradle.api.internal.tasks.execution.ExecuteActionsTaskExecuter.executeAction(Ljava/lang/String;Lorg/gradle/api/internal/TaskInternal;Lorg/gradle/api/internal/tasks/ContextAwareTaskAction;Lorg/gradle/api/internal/tasks/TaskExecutionContext;)V+23
j  org.gradle.api.internal.tasks.execution.ExecuteActionsTaskExecuter.executeActions(Lorg/gradle/api/internal/TaskInternal;Lorg/gradle/api/internal/tasks/TaskStateInternal;Lorg/gradle/api/internal/tasks/TaskExecutionContext;)Lorg/gradle/api/GradleException;+86
j  org.gradle.api.internal.tasks.execution.ExecuteActionsTaskExecuter.execute(Lorg/gradle/api/internal/TaskInternal;Lorg/gradle/api/internal/tasks/TaskStateInternal;Lorg/gradle/api/internal/tasks/TaskExecutionContext;)V+37
j  org.gradle.api.internal.tasks.execution.OutputDirectoryCreatingTaskExecuter.execute(Lorg/gradle/api/internal/TaskInternal;Lorg/gradle/api/internal/tasks/TaskStateInternal;Lorg/gradle/api/internal/tasks/TaskExecutionContext;)V+105
J 18243 C1 org.gradle.api.internal.tasks.execution.SkipUpToDateTaskExecuter.execute(Lorg/gradle/api/internal/TaskInternal;Lorg/gradle/api/internal/tasks/TaskStateInternal;Lorg/gradle/api/internal/tasks/TaskExecutionContext;)V (109 bytes) @ 0x0000000002c5cb1c [0x0000000002c5b800+0x131c]
J 16670 C1 org.gradle.api.internal.tasks.execution.ResolveTaskOutputCachingStateExecuter.execute(Lorg/gradle/api/internal/TaskInternal;Lorg/gradle/api/internal/tasks/TaskStateInternal;Lorg/gradle/api/internal/tasks/TaskExecutionContext;)V (108 bytes) @ 0x0000000002d78c34 [0x0000000002d77600+0x1634]
J 16668 C1 org.gradle.api.internal.tasks.execution.ValidatingTaskExecuter.execute(Lorg/gradle/api/internal/TaskInternal;Lorg/gradle/api/internal/tasks/TaskStateInternal;Lorg/gradle/api/internal/tasks/TaskExecutionContext;)V (125 bytes) @ 0x00000000041fa0f4 [0x00000000041f8fa0+0x1154]
J 17694 C1 org.gradle.api.internal.tasks.execution.SkipEmptySourceFilesTaskExecuter.execute(Lorg/gradle/api/internal/TaskInternal;Lorg/gradle/api/internal/tasks/TaskStateInternal;Lorg/gradle/api/internal/tasks/TaskExecutionContext;)V (359 bytes) @ 0x0000000005914734 [0x0000000005910ea0+0x3894]
J 17049 C1 org.gradle.api.internal.tasks.execution.FinalizeInputFilePropertiesTaskExecuter.execute(Lorg/gradle/api/internal/TaskInternal;Lorg/gradle/api/internal/tasks/TaskStateInternal;Lorg/gradle/api/internal/tasks/TaskExecutionContext;)V (161 bytes) @ 0x000000000566a6b4 [0x0000000005669d40+0x974]
J 16445 C1 org.gradle.api.internal.tasks.execution.CleanupStaleOutputsExecuter.execute(Lorg/gradle/api/internal/TaskInternal;Lorg/gradle/api/internal/tasks/TaskStateInternal;Lorg/gradle/api/internal/tasks/TaskExecutionContext;)V (194 bytes) @ 0x00000000054fcff4 [0x00000000054fb720+0x18d4]
J 16443 C1 org.gradle.api.internal.tasks.execution.ResolveTaskArtifactStateTaskExecuter.execute(Lorg/gradle/api/internal/TaskInternal;Lorg/gradle/api/internal/tasks/TaskStateInternal;Lorg/gradle/api/internal/tasks/TaskExecutionContext;)V (174 bytes) @ 0x00000000054ec4fc [0x00000000054eb200+0x12fc]
J 21266 C1 org.gradle.api.internal.tasks.execution.SkipTaskWithNoActionsExecuter.execute(Lorg/gradle/api/internal/TaskInternal;Lorg/gradle/api/internal/tasks/TaskStateInternal;Lorg/gradle/api/internal/tasks/TaskExecutionContext;)V (136 bytes) @ 0x00000000050361a4 [0x0000000005034b80+0x1624]
J 21263 C1 org.gradle.api.internal.tasks.execution.SkipOnlyIfTaskExecuter.execute(Lorg/gradle/api/internal/TaskInternal;Lorg/gradle/api/internal/tasks/TaskStateInternal;Lorg/gradle/api/internal/tasks/TaskExecutionContext;)V (91 bytes) @ 0x0000000004c1a624 [0x0000000004c19260+0x13c4]
J 21262 C1 org.gradle.api.internal.tasks.execution.ExecuteAtMostOnceTaskExecuter.execute(Lorg/gradle/api/internal/TaskInternal;Lorg/gradle/api/internal/tasks/TaskStateInternal;Lorg/gradle/api/internal/tasks/TaskExecutionContext;)V (62 bytes) @ 0x0000000005faec8c [0x0000000005fae440+0x84c]
J 18288 C1 org.gradle.api.internal.tasks.execution.CatchExceptionTaskExecuter.execute(Lorg/gradle/api/internal/TaskInternal;Lorg/gradle/api/internal/tasks/TaskStateInternal;Lorg/gradle/api/internal/tasks/TaskExecutionContext;)V (24 bytes) @ 0x0000000003a7dbd4 [0x0000000003a7dac0+0x114]
J 18284 C1 org.gradle.api.internal.tasks.execution.EventFiringTaskExecuter$1.run(Lorg/gradle/internal/operations/BuildOperationContext;)V (133 bytes) @ 0x0000000004a3380c [0x0000000004a33460+0x3ac]
J 23054 C2 org.gradle.internal.operations.DefaultBuildOperationExecutor$RunnableBuildOperationWorker.execute(Lorg/gradle/internal/operations/BuildOperation;Lorg/gradle/internal/operations/BuildOperationContext;)V (10 bytes) @ 0x00000000035dc088 [0x00000000035dc020+0x68]
J 24996 C1 org.gradle.internal.operations.DefaultBuildOperationExecutor.execute(Lorg/gradle/internal/operations/BuildOperation;Lorg/gradle/internal/operations/BuildOperationWorker;Lorg/gradle/internal/operations/DefaultBuildOperationExecutor$BuildOperationState;)V (336 bytes) @ 0x0000000006e19e5c [0x0000000006e182c0+0x1b9c]
J 25492 C2 org.gradle.internal.operations.DelegatingBuildOperationExecutor.run(Lorg/gradle/internal/operations/RunnableBuildOperation;)V (11 bytes) @ 0x00000000041c02a8 [0x00000000041c0200+0xa8]
J 18280 C1 org.gradle.api.internal.tasks.execution.EventFiringTaskExecuter.execute(Lorg/gradle/api/internal/TaskInternal;Lorg/gradle/api/internal/tasks/TaskStateInternal;Lorg/gradle/api/internal/tasks/TaskExecutionContext;)V (21 bytes) @ 0x0000000004bbf2bc [0x0000000004bbf080+0x23c]
J 17191 C1 org.gradle.execution.taskgraph.LocalTaskInfoExecutor.execute(Lorg/gradle/execution/taskgraph/WorkInfo;)Z (79 bytes) @ 0x000000000572b0bc [0x000000000572a740+0x97c]
J 17190 C1 org.gradle.execution.taskgraph.DefaultTaskExecutionGraph$BuildOperationAwareWorkItemExecutor.execute(Lorg/gradle/execution/taskgraph/WorkInfo;)V (108 bytes) @ 0x0000000005730b3c [0x000000000572fec0+0xc7c]
J 17189 C1 org.gradle.execution.taskgraph.DefaultTaskExecutionGraph$BuildOperationAwareWorkItemExecutor.execute(Ljava/lang/Object;)V (9 bytes) @ 0x000000000572bb6c [0x000000000572ba00+0x16c]
J 17188 C1 org.gradle.execution.taskgraph.DefaultTaskPlanExecutor$ExecutorWorker$1.execute(Lorg/gradle/execution/taskgraph/WorkInfo;)V (98 bytes) @ 0x000000000572d5b4 [0x000000000572cb20+0xa94]
J 17187 C1 org.gradle.execution.taskgraph.DefaultTaskPlanExecutor$ExecutorWorker$1.execute(Ljava/lang/Object;)V (9 bytes) @ 0x00000000057179ac [0x0000000005717840+0x16c]
J 17747 C1 org.gradle.execution.taskgraph.DefaultTaskPlanExecutor$ExecutorWorker.execute(Lorg/gradle/execution/taskgraph/WorkInfo;Lorg/gradle/internal/work/WorkerLeaseRegistry$WorkerLease;Lorg/gradle/api/Action;)V (74 bytes) @ 0x000000000596b1b4 [0x000000000596afa0+0x214]
J 16781 C1 org.gradle.execution.taskgraph.DefaultTaskPlanExecutor$ExecutorWorker.executeWithWork(Lorg/gradle/internal/work/WorkerLeaseRegistry$WorkerLease;Lorg/gradle/api/Action;)Z (63 bytes) @ 0x00000000042158d4 [0x0000000004215260+0x674]
j  org.gradle.execution.taskgraph.DefaultTaskPlanExecutor$ExecutorWorker.run()V+49
J 15868 C2 org.gradle.internal.concurrent.ManagedExecutorImpl$1.run()V (59 bytes) @ 0x00000000036cd654 [0x00000000036cd520+0x134]
J 14481 C1 java.util.concurrent.ThreadPoolExecutor.runWorker(Ljava/util/concurrent/ThreadPoolExecutor$Worker;)V (225 bytes) @ 0x0000000004f6bda4 [0x0000000004f6ad60+0x1044]
J 21259 C1 java.util.concurrent.ThreadPoolExecutor$Worker.run()V (9 bytes) @ 0x0000000004130284 [0x0000000004130180+0x104]
J 23076 C1 org.gradle.internal.concurrent.ThreadFactoryImpl$ManagedThreadRunnable.run()V (13 bytes) @ 0x00000000039e7c34 [0x00000000039e76e0+0x554]
J 17379 C1 java.lang.Thread.run()V (17 bytes) @ 0x0000000003ab1d84 [0x0000000003ab1c40+0x144]
v  ~StubRoutines::call_stub

---------------  P R O C E S S  ---------------

Java Threads: ( => current thread )
  0x000000002860f800 JavaThread "stdout" daemon [_thread_in_native, id=24448, stack(0x000000005d0e0000,0x000000005d1e0000)]
  0x000000002860e000 JavaThread "stderr" daemon [_thread_in_native, id=4276, stack(0x000000005cfe0000,0x000000005d0e0000)]
  0x000000002860d800 JavaThread "stdout" daemon [_thread_in_native, id=21844, stack(0x000000005cee0000,0x000000005cfe0000)]
  0x000000002860f000 JavaThread "stderr" daemon [_thread_in_native, id=22256, stack(0x000000005cde0000,0x000000005cee0000)]
  0x0000000028609800 JavaThread "stdout" daemon [_thread_in_native, id=9788, stack(0x000000005cce0000,0x000000005cde0000)]
  0x000000002860c800 JavaThread "stderr" daemon [_thread_in_native, id=20104, stack(0x000000005cbe0000,0x000000005cce0000)]
  0x000000001c25f800 JavaThread "stdout" daemon [_thread_in_native, id=21176, stack(0x000000005cae0000,0x000000005cbe0000)]
  0x000000001c25c000 JavaThread "stderr" daemon [_thread_in_native, id=2056, stack(0x000000005c9e0000,0x000000005cae0000)]
  0x000000001c252800 JavaThread "stdout" daemon [_thread_in_native, id=22496, stack(0x000000005c8e0000,0x000000005c9e0000)]
  0x000000001c259800 JavaThread "stderr" daemon [_thread_in_native, id=15780, stack(0x000000005c7e0000,0x000000005c8e0000)]
  0x000000001c252000 JavaThread "stdout" daemon [_thread_in_native, id=3036, stack(0x000000005c6e0000,0x000000005c7e0000)]
  0x000000001c258800 JavaThread "stderr" daemon [_thread_in_native, id=19684, stack(0x000000005c5e0000,0x000000005c6e0000)]
  0x000000001c257000 JavaThread "stdout" daemon [_thread_in_native, id=22428, stack(0x000000005c4e0000,0x000000005c5e0000)]
  0x000000001dac2000 JavaThread "stderr" daemon [_thread_in_native, id=17208, stack(0x000000005c3e0000,0x000000005c4e0000)]
  0x000000001dac9000 JavaThread "ForkJoinPool.commonPool-worker-6" daemon [_thread_blocked, id=14816, stack(0x000000005c2e0000,0x000000005c3e0000)]
  0x000000001dac1800 JavaThread "ForkJoinPool.commonPool-worker-2" daemon [_thread_blocked, id=18808, stack(0x000000005c1e0000,0x000000005c2e0000)]
  0x000000001dac8000 JavaThread "ForkJoinPool.commonPool-worker-4" daemon [_thread_blocked, id=1132, stack(0x000000005c0e0000,0x000000005c1e0000)]
  0x000000001dac7800 JavaThread "pool-120-thread-1" [_thread_blocked, id=23936, stack(0x000000005bfe0000,0x000000005c0e0000)]
  0x000000001dabe800 JavaThread "Cache worker for Build Output Cleanup Cache (C:\Users\Bearwolf\AndroidStudioProjects\Workinglunch\.gradle\buildOutputCleanup)" [_thread_blocked, id=3936, stack(0x000000005bee0000,0x000000005bfe0000)]
  0x000000001dabb800 JavaThread "Cache worker for task history cache (C:\Users\Bearwolf\AndroidStudioProjects\Workinglunch\.gradle\4.10.1\taskHistory)" [_thread_blocked, id=21268, stack(0x000000005bde0000,0x000000005bee0000)]
  0x000000001d3de000 JavaThread "Task worker for ':' Thread 7" [_thread_blocked, id=23404, stack(0x000000005bce0000,0x000000005bde0000)]
  0x000000001d3dc800 JavaThread "Task worker for ':' Thread 6" [_thread_blocked, id=24540, stack(0x000000005bbe0000,0x000000005bce0000)]
  0x000000001d3db000 JavaThread "Task worker for ':' Thread 5" [_thread_blocked, id=15232, stack(0x000000005bae0000,0x000000005bbe0000)]
  0x000000001d3da000 JavaThread "Task worker for ':' Thread 4" [_thread_blocked, id=24456, stack(0x000000005b9e0000,0x000000005bae0000)]
  0x000000001d3db800 JavaThread "Task worker for ':' Thread 3" [_thread_blocked, id=12636, stack(0x000000005b8e0000,0x000000005b9e0000)]
  0x000000001d3dd000 JavaThread "Task worker for ':' Thread 2" [_thread_blocked, id=23988, stack(0x000000005b7e0000,0x000000005b8e0000)]
=>0x000000001d3d9800 JavaThread "Task worker for ':'" [_thread_in_vm, id=1152, stack(0x000000005b6e0000,0x000000005b7e0000)]
  0x000000001d3d8800 JavaThread "Cache worker for file content cache (C:\Users\Bearwolf\AndroidStudioProjects\Workinglunch\.gradle\4.10.1\fileContent)" [_thread_blocked, id=24140, stack(0x000000005b5e0000,0x000000005b6e0000)]
  0x000000001d3d2800 JavaThread "pool-119-thread-1" [_thread_blocked, id=23384, stack(0x000000005b4e0000,0x000000005b5e0000)]
  0x000000001d3d3800 JavaThread "Build operations Thread 8" [_thread_blocked, id=6472, stack(0x000000005b3e0000,0x000000005b4e0000)]
  0x000000001d3d8000 JavaThread "Build operations Thread 7" [_thread_blocked, id=4024, stack(0x000000005b2e0000,0x000000005b3e0000)]
  0x000000001d3d7000 JavaThread "Build operations Thread 6" [_thread_blocked, id=24444, stack(0x000000005b1e0000,0x000000005b2e0000)]
  0x000000001d3cf800 JavaThread "Build operations Thread 5" [_thread_blocked, id=13452, stack(0x000000005b0e0000,0x000000005b1e0000)]
  0x000000001d3d0800 JavaThread "Build operations Thread 4" [_thread_blocked, id=24416, stack(0x000000005afe0000,0x000000005b0e0000)]
  0x000000001d3d6800 JavaThread "Build operations Thread 3" [_thread_blocked, id=17304, stack(0x000000005aee0000,0x000000005afe0000)]
  0x000000001d3cf000 JavaThread "Build operations Thread 2" [_thread_blocked, id=21812, stack(0x000000005ade0000,0x000000005aee0000)]
  0x000000001d3d5800 JavaThread "Build operations" [_thread_blocked, id=21972, stack(0x000000005ace0000,0x000000005ade0000)]
  0x000000001d3d5000 JavaThread "Cache worker for cache directory md-rule (C:\Users\Bearwolf\.gradle\caches\4.10.1\md-rule)" [_thread_blocked, id=15860, stack(0x000000005abe0000,0x000000005ace0000)]
  0x000000001d3d4000 JavaThread "Cache worker for cache directory md-supplier (C:\Users\Bearwolf\.gradle\caches\4.10.1\md-supplier)" [_thread_blocked, id=1588, stack(0x000000005aae0000,0x000000005abe0000)]
  0x000000001c885000 JavaThread "Cache worker for file hash cache (C:\Users\Bearwolf\AndroidStudioProjects\Workinglunch\.gradle\4.10.1\fileHashes)" [_thread_blocked, id=18936, stack(0x000000005a9e0000,0x000000005aae0000)]
  0x000000001c882000 JavaThread "Stdin handler" [_thread_blocked, id=21424, stack(0x000000005a8e0000,0x000000005a9e0000)]
  0x000000001c884000 JavaThread "Asynchronous log dispatcher for DefaultDaemonConnection: socket connection from /127.0.0.1:52187 to /127.0.0.1:58559" [_thread_blocked, id=16260, stack(0x000000005a7e0000,0x000000005a8e0000)]
  0x000000001c888800 JavaThread "Cancel handler" [_thread_blocked, id=20528, stack(0x000000005a6e0000,0x000000005a7e0000)]
  0x000000001c87a800 JavaThread "Handler for socket connection from /127.0.0.1:52187 to /127.0.0.1:58559" [_thread_in_native, id=9892, stack(0x000000005a5e0000,0x000000005a6e0000)]
  0x000000001c87d800 JavaThread "ForkJoinPool.commonPool-worker-0" daemon [_thread_blocked, id=24148, stack(0x00000000590e0000,0x00000000591e0000)]
  0x000000001dac4800 JavaThread "ForkJoinPool.commonPool-worker-7" daemon [_thread_blocked, id=24476, stack(0x0000000055c00000,0x0000000055d00000)]
  0x000000001dac3800 JavaThread "ForkJoinPool.commonPool-worker-5" daemon [_thread_blocked, id=20796, stack(0x0000000055a00000,0x0000000055b00000)]
  0x000000001dac3000 JavaThread "ForkJoinPool.commonPool-worker-3" daemon [_thread_blocked, id=14264, stack(0x0000000055800000,0x0000000055900000)]
  0x000000001c87b000 JavaThread "Daemon worker Thread 10" [_thread_blocked, id=24212, stack(0x00000000538c0000,0x00000000539c0000)]
  0x000000001c880800 JavaThread "Daemon Thread 10" [_thread_blocked, id=23672, stack(0x00000000535c0000,0x00000000536c0000)]
  0x000000001c87c800 JavaThread "stdout" daemon [_thread_in_native, id=22244, stack(0x00000000533c0000,0x00000000534c0000)]
  0x000000001c87f800 JavaThread "stderr" daemon [_thread_in_native, id=21500, stack(0x00000000532c0000,0x00000000533c0000)]
  0x000000001c87c000 JavaThread "stdout" daemon [_thread_in_native, id=19552, stack(0x00000000531c0000,0x00000000532c0000)]
  0x000000001c87e000 JavaThread "stderr" daemon [_thread_in_native, id=3684, stack(0x00000000530c0000,0x00000000531c0000)]
  0x0000000028614000 JavaThread "stdout" daemon [_thread_in_native, id=24316, stack(0x0000000052fc0000,0x00000000530c0000)]
  0x0000000028616800 JavaThread "stderr" daemon [_thread_in_native, id=20268, stack(0x0000000052ec0000,0x0000000052fc0000)]
  0x0000000028613800 JavaThread "stdout" daemon [_thread_in_native, id=20492, stack(0x0000000052dc0000,0x0000000052ec0000)]
  0x0000000028615000 JavaThread "stderr" daemon [_thread_in_native, id=18332, stack(0x0000000052cc0000,0x0000000052dc0000)]
  0x0000000028615800 JavaThread "stdout" daemon [_thread_in_native, id=20628, stack(0x0000000052bc0000,0x0000000052cc0000)]
  0x0000000028612800 JavaThread "stderr" daemon [_thread_in_native, id=21744, stack(0x0000000052ac0000,0x0000000052bc0000)]
  0x000000002860a800 JavaThread "stdout" daemon [_thread_in_native, id=10752, stack(0x00000000529c0000,0x0000000052ac0000)]
  0x0000000028611000 JavaThread "stderr" daemon [_thread_in_native, id=24368, stack(0x00000000528c0000,0x00000000529c0000)]
  0x0000000028610800 JavaThread "stdout" daemon [_thread_in_native, id=12088, stack(0x00000000527c0000,0x00000000528c0000)]
  0x0000000028609000 JavaThread "stderr" daemon [_thread_in_native, id=22444, stack(0x00000000526c0000,0x00000000527c0000)]
  0x0000000028608000 JavaThread "pool-98-thread-1" [_thread_blocked, id=16908, stack(0x00000000523c0000,0x00000000524c0000)]
  0x000000001c888000 JavaThread "Cache worker for Java compile cache (C:\Users\Bearwolf\.gradle\caches\4.10.1\javaCompile)" [_thread_blocked, id=20096, stack(0x0000000027b20000,0x0000000027c20000)]
  0x000000001dac0800 JavaThread "Cache worker for file content cache (C:\Users\Bearwolf\.gradle\caches\4.10.1\fileContent)" [_thread_blocked, id=11304, stack(0x0000000024690000,0x0000000024790000)]
  0x000000001dac0000 JavaThread "Memory manager" [_thread_blocked, id=15980, stack(0x0000000023aa0000,0x0000000023ba0000)]
  0x000000001c253800 JavaThread "Cache worker for Artifact transforms cache (C:\Users\Bearwolf\.gradle\caches\transforms-1)" [_thread_blocked, id=6996, stack(0x00000000210e0000,0x00000000211e0000)]
  0x0000000018839000 JavaThread "Cache worker for journal cache (C:\Users\Bearwolf\.gradle\caches\journal-1)" [_thread_blocked, id=5420, stack(0x000000001e2b0000,0x000000001e3b0000)]
  0x0000000019ed7800 JavaThread "File lock request listener" [_thread_in_native, id=14168, stack(0x000000001d0e0000,0x000000001d1e0000)]
  0x0000000019eec000 JavaThread "Cache worker for file hash cache (C:\Users\Bearwolf\.gradle\caches\4.10.1\fileHashes)" [_thread_blocked, id=2228, stack(0x000000001cfe0000,0x000000001d0e0000)]
  0x0000000019f79800 JavaThread "Daemon periodic checks" [_thread_blocked, id=16552, stack(0x000000001b410000,0x000000001b510000)]
  0x000000001a56b800 JavaThread "Incoming local TCP Connector on port 52187" [_thread_in_native, id=15240, stack(0x000000001b1d0000,0x000000001b2d0000)]
  0x000000001878e000 JavaThread "Service Thread" daemon [_thread_blocked, id=2996, stack(0x00000000192c0000,0x00000000193c0000)]
  0x000000001681e800 JavaThread "C1 CompilerThread3" daemon [_thread_blocked, id=3008, stack(0x00000000191c0000,0x00000000192c0000)]
  0x0000000018704000 JavaThread "C2 CompilerThread2" daemon [_thread_blocked, id=17828, stack(0x00000000190c0000,0x00000000191c0000)]
  0x0000000018702800 JavaThread "C2 CompilerThread1" daemon [_thread_in_native, id=3692, stack(0x0000000018fc0000,0x00000000190c0000)]
  0x00000000186fe800 JavaThread "C2 CompilerThread0" daemon [_thread_blocked, id=5660, stack(0x0000000018ec0000,0x0000000018fc0000)]
  0x00000000186fd000 JavaThread "Attach Listener" daemon [_thread_blocked, id=8304, stack(0x0000000018dc0000,0x0000000018ec0000)]
  0x00000000186fc000 JavaThread "Signal Dispatcher" daemon [_thread_blocked, id=9244, stack(0x0000000018cc0000,0x0000000018dc0000)]
  0x0000000002a4e000 JavaThread "Finalizer" daemon [_thread_blocked, id=14440, stack(0x0000000018ad0000,0x0000000018bd0000)]
  0x000000001680c000 JavaThread "Reference Handler" daemon [_thread_blocked, id=844, stack(0x00000000185d0000,0x00000000186d0000)]
  0x0000000002952800 JavaThread "main" [_thread_blocked, id=19944, stack(0x0000000002850000,0x0000000002950000)]

Other Threads:
  0x0000000016806000 VMThread [stack: 0x00000000184d0000,0x00000000185d0000] [id=16124]
  0x000000001878f000 WatcherThread [stack: 0x00000000193c0000,0x00000000194c0000] [id=13324]

VM state:not at safepoint (normal execution)

VM Mutex/Monitor currently owned by a thread: None

Heap:
 PSYoungGen      total 489472K, used 229753K [0x00000000e0000000, 0x0000000100000000, 0x0000000100000000)
  eden space 458752K, 44% used [0x00000000e0000000,0x00000000ec97ab10,0x00000000fc000000)
  from space 30720K, 76% used [0x00000000fe180000,0x00000000ff863bd0,0x00000000fff80000)
  to   space 32768K, 0% used [0x00000000fc000000,0x00000000fc000000,0x00000000fe000000)
 ParOldGen       total 171520K, used 57792K [0x00000000a0000000, 0x00000000aa780000, 0x00000000e0000000)
  object space 171520K, 33% used [0x00000000a0000000,0x00000000a3870158,0x00000000aa780000)
 Metaspace       used 94571K, capacity 100566K, committed 101168K, reserved 1136640K
  class space    used 11794K, capacity 12848K, committed 13104K, reserved 1048576K

Card table byte_map: [0x0000000011e10000,0x0000000012120000] byte_map_base: 0x0000000011910000

Marking Bits: (ParMarkBitMap*) 0x0000000057055aa0
 Begin Bits: [0x0000000012b20000, 0x0000000014320000)
 End Bits:   [0x0000000014320000, 0x0000000015b20000)

Polling page: 0x0000000000a20000

CodeCache: size=245760Kb used=71728Kb max_used=71754Kb free=174031Kb
 bounds [0x0000000002a50000, 0x00000000070f0000, 0x0000000011a50000]
 total_blobs=20894 nmethods=20021 adapters=783
 compilation: enabled

Compilation events (10 events):
Event: 5398.922 Thread 0x000000001681e800 26076       3       org.gradle.api.internal.changedetection.state.mirror.PhysicalFileSnapshot::isContentAndMetadataUpToDate (46 bytes)
Event: 5398.922 Thread 0x000000001681e800 nmethod 26076 0x00000000070a66d0 code [0x00000000070a6860, 0x00000000070a6cc8]
Event: 5398.922 Thread 0x000000001681e800 26077       3       org.gradle.internal.serialize.BaseSerializerFactory$BooleanSerializer::write (10 bytes)
Event: 5398.923 Thread 0x000000001681e800 nmethod 26077 0x00000000070a5f90 code [0x00000000070a6120, 0x00000000070a6548]
Event: 5398.923 Thread 0x000000001681e800 26078       3       org.gradle.internal.serialize.BaseSerializerFactory$BooleanSerializer::write (11 bytes)
Event: 5398.923 Thread 0x000000001681e800 nmethod 26078 0x00000000070a5a50 code [0x00000000070a5bc0, 0x00000000070a5e88]
Event: 5398.938 Thread 0x000000001681e800 26079       1       com.android.build.gradle.tasks.ProcessApplicationManifest$CreationAction$ManifestProviderImpl::getName (5 bytes)
Event: 5398.938 Thread 0x000000001681e800 nmethod 26079 0x00000000070b4a50 code [0x00000000070b4ba0, 0x00000000070b4cb0]
Event: 5398.938 Thread 0x000000001681e800 26080       1       com.android.build.gradle.tasks.ProcessApplicationManifest$CreationAction$ManifestProviderImpl::getManifest (5 bytes)
Event: 5398.938 Thread 0x000000001681e800 nmethod 26080 0x00000000070b4790 code [0x00000000070b48e0, 0x00000000070b49f0]

GC Heap History (10 events):
Event: 4966.537 GC heap before
{Heap before GC invocations=46 (full 4):
 PSYoungGen      total 429056K, used 425406K [0x00000000e0000000, 0x00000000fc700000, 0x0000000100000000)
  eden space 411648K, 99% used [0x00000000e0000000,0x00000000f9150da8,0x00000000f9200000)
  from space 17408K, 83% used [0x00000000f9200000,0x00000000fa01ec30,0x00000000fa300000)
  to   space 18432K, 0% used [0x00000000fb500000,0x00000000fb500000,0x00000000fc700000)
 ParOldGen       total 171520K, used 42502K [0x00000000a0000000, 0x00000000aa780000, 0x00000000e0000000)
  object space 171520K, 24% used [0x00000000a0000000,0x00000000a2981810,0x00000000aa780000)
 Metaspace       used 93319K, capacity 99202K, committed 100144K, reserved 1136640K
  class space    used 11721K, capacity 12736K, committed 13104K, reserved 1048576K
Event: 4966.549 GC heap after
Heap after GC invocations=46 (full 4):
 PSYoungGen      total 448000K, used 9980K [0x00000000e0000000, 0x00000000fca80000, 0x0000000100000000)
  eden space 429568K, 0% used [0x00000000e0000000,0x00000000e0000000,0x00000000fa380000)
  from space 18432K, 54% used [0x00000000fb500000,0x00000000fbebf060,0x00000000fc700000)
  to   space 17920K, 0% used [0x00000000fa380000,0x00000000fa380000,0x00000000fb500000)
 ParOldGen       total 171520K, used 42502K [0x00000000a0000000, 0x00000000aa780000, 0x00000000e0000000)
  object space 171520K, 24% used [0x00000000a0000000,0x00000000a2981810,0x00000000aa780000)
 Metaspace       used 93319K, capacity 99202K, committed 100144K, reserved 1136640K
  class space    used 11721K, capacity 12736K, committed 13104K, reserved 1048576K
}
Event: 5283.514 GC heap before
{Heap before GC invocations=47 (full 4):
 PSYoungGen      total 448000K, used 439312K [0x00000000e0000000, 0x00000000fca80000, 0x0000000100000000)
  eden space 429568K, 99% used [0x00000000e0000000,0x00000000fa345008,0x00000000fa380000)
  from space 18432K, 54% used [0x00000000fb500000,0x00000000fbebf060,0x00000000fc700000)
  to   space 17920K, 0% used [0x00000000fa380000,0x00000000fa380000,0x00000000fb500000)
 ParOldGen       total 171520K, used 42502K [0x00000000a0000000, 0x00000000aa780000, 0x00000000e0000000)
  object space 171520K, 24% used [0x00000000a0000000,0x00000000a2981810,0x00000000aa780000)
 Metaspace       used 93830K, capacity 99790K, committed 100656K, reserved 1136640K
  class space    used 11745K, capacity 12770K, committed 13104K, reserved 1048576K
Event: 5283.552 GC heap after
Heap after GC invocations=47 (full 4):
 PSYoungGen      total 447488K, used 17910K [0x00000000e0000000, 0x00000000fe780000, 0x0000000100000000)
  eden space 429568K, 0% used [0x00000000e0000000,0x00000000e0000000,0x00000000fa380000)
  from space 17920K, 99% used [0x00000000fa380000,0x00000000fb4fdb08,0x00000000fb500000)
  to   space 25600K, 0% used [0x00000000fce80000,0x00000000fce80000,0x00000000fe780000)
 ParOldGen       total 171520K, used 57768K [0x00000000a0000000, 0x00000000aa780000, 0x00000000e0000000)
  object space 171520K, 33% used [0x00000000a0000000,0x00000000a386a158,0x00000000aa780000)
 Metaspace       used 93830K, capacity 99790K, committed 100656K, reserved 1136640K
  class space    used 11745K, capacity 12770K, committed 13104K, reserved 1048576K
}
Event: 5379.714 GC heap before
{Heap before GC invocations=48 (full 4):
 PSYoungGen      total 447488K, used 447478K [0x00000000e0000000, 0x00000000fe780000, 0x0000000100000000)
  eden space 429568K, 100% used [0x00000000e0000000,0x00000000fa380000,0x00000000fa380000)
  from space 17920K, 99% used [0x00000000fa380000,0x00000000fb4fdb08,0x00000000fb500000)
  to   space 25600K, 0% used [0x00000000fce80000,0x00000000fce80000,0x00000000fe780000)
 ParOldGen       total 171520K, used 57768K [0x00000000a0000000, 0x00000000aa780000, 0x00000000e0000000)
  object space 171520K, 33% used [0x00000000a0000000,0x00000000a386a158,0x00000000aa780000)
 Metaspace       used 94291K, capacity 100296K, committed 100912K, reserved 1136640K
  class space    used 11787K, capacity 12837K, committed 13104K, reserved 1048576K
Event: 5379.741 GC heap after
Heap after GC invocations=48 (full 4):
 PSYoungGen      total 470016K, used 25543K [0x00000000e0000000, 0x00000000feb00000, 0x0000000100000000)
  eden space 444416K, 0% used [0x00000000e0000000,0x00000000e0000000,0x00000000fb200000)
  from space 25600K, 99% used [0x00000000fce80000,0x00000000fe771da8,0x00000000fe780000)
  to   space 29184K, 0% used [0x00000000fb200000,0x00000000fb200000,0x00000000fce80000)
 ParOldGen       total 171520K, used 57776K [0x00000000a0000000, 0x00000000aa780000, 0x00000000e0000000)
  object space 171520K, 33% used [0x00000000a0000000,0x00000000a386c158,0x00000000aa780000)
 Metaspace       used 94291K, capacity 100296K, committed 100912K, reserved 1136640K
  class space    used 11787K, capacity 12837K, committed 13104K, reserved 1048576K
}
Event: 5381.449 GC heap before
{Heap before GC invocations=49 (full 4):
 PSYoungGen      total 470016K, used 469959K [0x00000000e0000000, 0x00000000feb00000, 0x0000000100000000)
  eden space 444416K, 100% used [0x00000000e0000000,0x00000000fb200000,0x00000000fb200000)
  from space 25600K, 99% used [0x00000000fce80000,0x00000000fe771da8,0x00000000fe780000)
  to   space 29184K, 0% used [0x00000000fb200000,0x00000000fb200000,0x00000000fce80000)
 ParOldGen       total 171520K, used 57776K [0x00000000a0000000, 0x00000000aa780000, 0x00000000e0000000)
  object space 171520K, 33% used [0x00000000a0000000,0x00000000a386c158,0x00000000aa780000)
 Metaspace       used 94365K, capacity 100370K, committed 100912K, reserved 1136640K
  class space    used 11787K, capacity 12838K, committed 13104K, reserved 1048576K
Event: 5381.460 GC heap after
Heap after GC invocations=49 (full 4):
 PSYoungGen      total 473600K, used 22082K [0x00000000e0000000, 0x00000000fff80000, 0x0000000100000000)
  eden space 444416K, 0% used [0x00000000e0000000,0x00000000e0000000,0x00000000fb200000)
  from space 29184K, 75% used [0x00000000fb200000,0x00000000fc790af0,0x00000000fce80000)
  to   space 30720K, 0% used [0x00000000fe180000,0x00000000fe180000,0x00000000fff80000)
 ParOldGen       total 171520K, used 57784K [0x00000000a0000000, 0x00000000aa780000, 0x00000000e0000000)
  object space 171520K, 33% used [0x00000000a0000000,0x00000000a386e158,0x00000000aa780000)
 Metaspace       used 94365K, capacity 100370K, committed 100912K, reserved 1136640K
  class space    used 11787K, capacity 12838K, committed 13104K, reserved 1048576K
}
Event: 5395.634 GC heap before
{Heap before GC invocations=50 (full 4):
 PSYoungGen      total 473600K, used 466498K [0x00000000e0000000, 0x00000000fff80000, 0x0000000100000000)
  eden space 444416K, 100% used [0x00000000e0000000,0x00000000fb200000,0x00000000fb200000)
  from space 29184K, 75% used [0x00000000fb200000,0x00000000fc790af0,0x00000000fce80000)
  to   space 30720K, 0% used [0x00000000fe180000,0x00000000fe180000,0x00000000fff80000)
 ParOldGen       total 171520K, used 57784K [0x00000000a0000000, 0x00000000aa780000, 0x00000000e0000000)
  object space 171520K, 33% used [0x00000000a0000000,0x00000000a386e158,0x00000000aa780000)
 Metaspace       used 94449K, capacity 100466K, committed 101168K, reserved 1136640K
  class space    used 11790K, capacity 12842K, committed 13104K, reserved 1048576K
Event: 5395.652 GC heap after
Heap after GC invocations=50 (full 4):
 PSYoungGen      total 489472K, used 23438K [0x00000000e0000000, 0x0000000100000000, 0x0000000100000000)
  eden space 458752K, 0% used [0x00000000e0000000,0x00000000e0000000,0x00000000fc000000)
  from space 30720K, 76% used [0x00000000fe180000,0x00000000ff863bd0,0x00000000fff80000)
  to   space 32768K, 0% used [0x00000000fc000000,0x00000000fc000000,0x00000000fe000000)
 ParOldGen       total 171520K, used 57792K [0x00000000a0000000, 0x00000000aa780000, 0x00000000e0000000)
  object space 171520K, 33% used [0x00000000a0000000,0x00000000a3870158,0x00000000aa780000)
 Metaspace       used 94449K, capacity 100466K, committed 101168K, reserved 1136640K
  class space    used 11790K, capacity 12842K, committed 13104K, reserved 1048576K
}

Deoptimization events (10 events):
Event: 5365.038 Thread 0x000000001d3db000 Uncommon trap: reason=array_check action=maybe_recompile pc=0x000000000697c98c method=java.util.ComparableTimSort.mergeHi(IIII)V @ 171
Event: 5365.038 Thread 0x000000001d3db000 Uncommon trap: reason=array_check action=maybe_recompile pc=0x000000000697c5dc method=java.util.ComparableTimSort.mergeHi(IIII)V @ 415
Event: 5365.038 Thread 0x000000001d3db000 Uncommon trap: reason=array_check action=maybe_recompile pc=0x000000000697c5dc method=java.util.ComparableTimSort.mergeHi(IIII)V @ 415
Event: 5365.999 Thread 0x000000001dac9000 Uncommon trap: reason=array_check action=maybe_recompile pc=0x0000000006a1fe58 method=java.util.TimSort.mergeHi(IIII)V @ 419
Event: 5366.046 Thread 0x000000001dac9000 Uncommon trap: reason=array_check action=maybe_recompile pc=0x0000000006a1fe58 method=java.util.TimSort.mergeHi(IIII)V @ 419
Event: 5396.777 Thread 0x000000001d3d9800 Uncommon trap: reason=unstable_if action=reinterpret pc=0x0000000006e9aa30 method=com.sun.org.apache.xerces.internal.dom.NodeImpl.setOwnerDocument(Lcom/sun/org/apache/xerces/internal/dom/CoreDocumentImpl;)V @ 4
Event: 5396.777 Thread 0x000000001d3d9800 Uncommon trap: reason=unstable_if action=reinterpret pc=0x0000000006d618ac method=com.sun.org.apache.xerces.internal.dom.NodeImpl.setOwnerDocument(Lcom/sun/org/apache/xerces/internal/dom/CoreDocumentImpl;)V @ 4
Event: 5396.777 Thread 0x000000001d3d9800 Uncommon trap: reason=unstable_if action=reinterpret pc=0x000000000591e888 method=com.sun.org.apache.xerces.internal.dom.NodeImpl.setOwnerDocument(Lcom/sun/org/apache/xerces/internal/dom/CoreDocumentImpl;)V @ 4
Event: 5397.482 Thread 0x000000001d3d9800 Uncommon trap: reason=class_check action=maybe_recompile pc=0x0000000006db44e8 method=com.android.ide.common.resources.NodeUtils.duplicateNode(Lorg/w3c/dom/Document;Lorg/w3c/dom/Node;)Lorg/w3c/dom/Node; @ 11
Event: 5397.484 Thread 0x000000001d3d9800 Uncommon trap: reason=class_check action=maybe_recompile pc=0x0000000006db44e8 method=com.android.ide.common.resources.NodeUtils.duplicateNode(Lorg/w3c/dom/Document;Lorg/w3c/dom/Node;)Lorg/w3c/dom/Node; @ 11

Classes redefined (0 events):
No events

Internal exceptions (10 events):
Event: 5395.719 Thread 0x000000001c87b000 Exception <a 'sun/nio/fs/WindowsException'> (0x00000000e04f1a08) thrown at [D:\src\AOSP-openjdk-cygwin\jdk8u\hotspot\src\share\vm\prims\jni.cpp, line 709]
Event: 5395.719 Thread 0x000000001c87b000 Exception <a 'sun/nio/fs/WindowsException'> (0x00000000e04f28a0) thrown at [D:\src\AOSP-openjdk-cygwin\jdk8u\hotspot\src\share\vm\prims\jni.cpp, line 709]
Event: 5395.720 Thread 0x000000001c87b000 Exception <a 'sun/nio/fs/WindowsException'> (0x00000000e04f6160) thrown at [D:\src\AOSP-openjdk-cygwin\jdk8u\hotspot\src\share\vm\prims\jni.cpp, line 709]
Event: 5395.720 Thread 0x000000001c87b000 Exception <a 'sun/nio/fs/WindowsException'> (0x00000000e04f6f48) thrown at [D:\src\AOSP-openjdk-cygwin\jdk8u\hotspot\src\share\vm\prims\jni.cpp, line 709]
Event: 5395.720 Thread 0x000000001c87b000 Exception <a 'sun/nio/fs/WindowsException'> (0x00000000e04f9140) thrown at [D:\src\AOSP-openjdk-cygwin\jdk8u\hotspot\src\share\vm\prims\jni.cpp, line 709]
Event: 5395.720 Thread 0x000000001c87b000 Exception <a 'sun/nio/fs/WindowsException'> (0x00000000e04f9f60) thrown at [D:\src\AOSP-openjdk-cygwin\jdk8u\hotspot\src\share\vm\prims\jni.cpp, line 709]
Event: 5395.720 Thread 0x000000001c87b000 Exception <a 'sun/nio/fs/WindowsException'> (0x00000000e04fcfc0) thrown at [D:\src\AOSP-openjdk-cygwin\jdk8u\hotspot\src\share\vm\prims\jni.cpp, line 709]
Event: 5395.720 Thread 0x000000001c87b000 Exception <a 'sun/nio/fs/WindowsException'> (0x00000000e04fde80) thrown at [D:\src\AOSP-openjdk-cygwin\jdk8u\hotspot\src\share\vm\prims\jni.cpp, line 709]
Event: 5395.720 Thread 0x000000001c87b000 Exception <a 'sun/nio/fs/WindowsException'> (0x00000000e0500140) thrown at [D:\src\AOSP-openjdk-cygwin\jdk8u\hotspot\src\share\vm\prims\jni.cpp, line 709]
Event: 5395.720 Thread 0x000000001c87b000 Exception <a 'sun/nio/fs/WindowsException'> (0x00000000e0501040) thrown at [D:\src\AOSP-openjdk-cygwin\jdk8u\hotspot\src\share\vm\prims\jni.cpp, line 709]

Events (10 events):
Event: 5397.536 Thread 0x000000001c259800 Thread added: 0x000000001c259800
Event: 5397.536 Thread 0x000000001c252800 Thread added: 0x000000001c252800
Event: 5397.538 Thread 0x000000001c25c000 Thread added: 0x000000001c25c000
Event: 5397.538 Thread 0x000000001c25f800 Thread added: 0x000000001c25f800
Event: 5397.540 Thread 0x000000002860c800 Thread added: 0x000000002860c800
Event: 5397.540 Thread 0x0000000028609800 Thread added: 0x0000000028609800
Event: 5397.542 Thread 0x000000002860f000 Thread added: 0x000000002860f000
Event: 5397.542 Thread 0x000000002860d800 Thread added: 0x000000002860d800
Event: 5397.547 Thread 0x000000002860e000 Thread added: 0x000000002860e000
Event: 5397.547 Thread 0x000000002860f800 Thread added: 0x000000002860f800


Dynamic libraries:
0x00007ff603130000 - 0x00007ff603161000 	C:\Program Files\Android\Android Studio\jre\bin\java.exe
0x00007ff95d9f0000 - 0x00007ff95dbd1000 	C:\WINDOWS\SYSTEM32\ntdll.dll
0x00007ff95d3c0000 - 0x00007ff95d472000 	C:\WINDOWS\System32\KERNEL32.DLL
0x00007ff959e40000 - 0x00007ff95a0b3000 	C:\WINDOWS\System32\KERNELBASE.dll
0x00007ff95d2b0000 - 0x00007ff95d351000 	C:\WINDOWS\System32\ADVAPI32.dll
0x00007ff95d6e0000 - 0x00007ff95d77e000 	C:\WINDOWS\System32\msvcrt.dll
0x00007ff95c990000 - 0x00007ff95c9eb000 	C:\WINDOWS\System32\sechost.dll
0x00007ff95b3d0000 - 0x00007ff95b4f4000 	C:\WINDOWS\System32\RPCRT4.dll
0x00007ff95ccd0000 - 0x00007ff95ce60000 	C:\WINDOWS\System32\USER32.dll
0x00007ff95a310000 - 0x00007ff95a330000 	C:\WINDOWS\System32\win32u.dll
0x00007ff95cc30000 - 0x00007ff95cc58000 	C:\WINDOWS\System32\GDI32.dll
0x00007ff95a0c0000 - 0x00007ff95a252000 	C:\WINDOWS\System32\gdi32full.dll
0x00007ff95a330000 - 0x00007ff95a3cf000 	C:\WINDOWS\System32\msvcp_win.dll
0x00007ff95ad20000 - 0x00007ff95ae18000 	C:\WINDOWS\System32\ucrtbase.dll
0x00007ff94b9c0000 - 0x00007ff94bc29000 	C:\WINDOWS\WinSxS\amd64_microsoft.windows.common-controls_6595b64144ccf1df_6.0.17134.648_none_fb45a0e93062a6d2\COMCTL32.dll
0x00007ff95ae80000 - 0x00007ff95b1a2000 	C:\WINDOWS\System32\combase.dll
0x00007ff959dc0000 - 0x00007ff959e3a000 	C:\WINDOWS\System32\bcryptPrimitives.dll
0x00007ff95c960000 - 0x00007ff95c98d000 	C:\WINDOWS\System32\IMM32.DLL
0x0000000054020000 - 0x00000000540f2000 	C:\Program Files\Android\Android Studio\jre\jre\bin\msvcr100.dll
0x0000000056890000 - 0x00000000570d1000 	C:\Program Files\Android\Android Studio\jre\jre\bin\server\jvm.dll
0x00007ff95d780000 - 0x00007ff95d788000 	C:\WINDOWS\System32\PSAPI.DLL
0x00007ff93c6d0000 - 0x00007ff93c6d9000 	C:\WINDOWS\SYSTEM32\WSOCK32.dll
0x00007ff957f60000 - 0x00007ff957f83000 	C:\WINDOWS\SYSTEM32\WINMM.dll
0x00007ff955060000 - 0x00007ff95506a000 	C:\WINDOWS\SYSTEM32\VERSION.dll
0x00007ff95cc60000 - 0x00007ff95cccc000 	C:\WINDOWS\System32\WS2_32.dll
0x00007ff957e40000 - 0x00007ff957e6a000 	C:\WINDOWS\SYSTEM32\WINMMBASE.dll
0x00007ff95a3d0000 - 0x00007ff95a419000 	C:\WINDOWS\System32\cfgmgr32.dll
0x00007ff940f10000 - 0x00007ff940f1f000 	C:\Program Files\Android\Android Studio\jre\jre\bin\verify.dll
0x00007ff939480000 - 0x00007ff9394a9000 	C:\Program Files\Android\Android Studio\jre\jre\bin\java.dll
0x00007ff939380000 - 0x00007ff939396000 	C:\Program Files\Android\Android Studio\jre\jre\bin\zip.dll
0x00007ff95b520000 - 0x00007ff95c960000 	C:\WINDOWS\System32\SHELL32.dll
0x00007ff95d4e0000 - 0x00007ff95d589000 	C:\WINDOWS\System32\shcore.dll
0x00007ff95a610000 - 0x00007ff95ad1d000 	C:\WINDOWS\System32\windows.storage.dll
0x00007ff95d480000 - 0x00007ff95d4d1000 	C:\WINDOWS\System32\shlwapi.dll
0x00007ff959d60000 - 0x00007ff959d71000 	C:\WINDOWS\System32\kernel.appcore.dll
0x00007ff959da0000 - 0x00007ff959dbf000 	C:\WINDOWS\System32\profapi.dll
0x00007ff959d10000 - 0x00007ff959d5c000 	C:\WINDOWS\System32\powrprof.dll
0x00007ff959d00000 - 0x00007ff959d0a000 	C:\WINDOWS\System32\FLTLIB.DLL
0x00007ff9390e0000 - 0x00007ff9390fa000 	C:\Program Files\Android\Android Studio\jre\jre\bin\net.dll
0x00007ff959580000 - 0x00007ff9595e6000 	C:\WINDOWS\system32\mswsock.dll
0x00007ff939040000 - 0x00007ff939051000 	C:\Program Files\Android\Android Studio\jre\jre\bin\nio.dll
0x00007ff956170000 - 0x00007ff95618e000 	C:\Users\Bearwolf\.gradle\native\25\windows-amd64\native-platform.dll
0x00007ff93ce70000 - 0x00007ff93ce7d000 	C:\Program Files\Android\Android Studio\jre\jre\bin\management.dll
0x00007ff959730000 - 0x00007ff959747000 	C:\WINDOWS\SYSTEM32\CRYPTSP.dll
0x00007ff959160000 - 0x00007ff959193000 	C:\WINDOWS\system32\rsaenh.dll
0x00007ff959860000 - 0x00007ff959885000 	C:\WINDOWS\SYSTEM32\bcrypt.dll
0x00007ff959c00000 - 0x00007ff959c28000 	C:\WINDOWS\SYSTEM32\USERENV.dll
0x00007ff959750000 - 0x00007ff95975b000 	C:\WINDOWS\SYSTEM32\CRYPTBASE.dll
0x00007ff959300000 - 0x00007ff959338000 	C:\WINDOWS\SYSTEM32\IPHLPAPI.DLL
0x00007ff95b240000 - 0x00007ff95b248000 	C:\WINDOWS\System32\NSI.dll
0x00007ff9542f0000 - 0x00007ff954306000 	C:\WINDOWS\SYSTEM32\dhcpcsvc6.DLL
0x00007ff9542d0000 - 0x00007ff9542ea000 	C:\WINDOWS\SYSTEM32\dhcpcsvc.DLL
0x00007ff946e60000 - 0x00007ff946e84000 	C:\Program Files\Android\Android Studio\jre\jre\bin\sunec.dll
0x00007ff94c260000 - 0x00007ff94c429000 	C:\WINDOWS\SYSTEM32\dbghelp.dll

VM Arguments:
jvm_args: -Xmx1536m -Dfile.encoding=windows-1252 -Duser.country=US -Duser.language=en -Duser.variant 
java_command: org.gradle.launcher.daemon.bootstrap.GradleDaemon 4.10.1
java_class_path (initial): C:\Users\Bearwolf\.gradle\wrapper\dists\gradle-4.10.1-all\455itskqi2qtf0v2sja68alqd\gradle-4.10.1\lib\gradle-launcher-4.10.1.jar
Launcher Type: SUN_STANDARD

Environment Variables:
CLASSPATH=.;C:\Program Files (x86)\QuickTime\QTSystem\QTJava.zip
PATH=C:\Program Files (x86)\Common Files\Intel\Shared Libraries\redist\intel64\compiler;C:\ProgramData\Oracle\Java\javapath;C:\WINDOWS\system32;C:\WINDOWS;C:\WINDOWS\System32\Wbem;C:\WINDOWS\System32\WindowsPowerShell\v1.0\;C:\Program Files (x86)\Skype\Phone\;C:\Program Files (x86)\QuickTime\QTSystem\;C:\Program Files (x86)\GtkSharp\2.12\bin;C:\Users\Bearwolf\AppData\Local\Microsoft\WindowsApps;C:\adb;C:\Android;C:\Windows\System32;;C:\WINDOWS\system32;C:\WINDOWS;C:\WINDOWS\System32\Wbem;C:\WINDOWS\System32\WindowsPowerShell\v1.0\;C:\WINDOWS\System32\OpenSSH\;C:\Program Files\Microsoft\Web Platform Installer\;C:\php;C:\ProgramData\ComposerSetup\bin;C:\Program Files (x86)\NVIDIA Corporation\PhysX\Common;C:\Program Files\NVIDIA Corporation\NVIDIA NvDLISR;C:\Users\Bearwolf\AppData\Local\Microsoft\WindowsApps;C:\Users\Bearwolf\AppData\Local\GitHubDesktop\bin;C:\Users\Bearwolf\AppData\Local\Microsoft\WindowsApps;C:\Users\Bearwolf\AppData\Roaming\Composer\vendor\bin;C:\Users\Bearwolf\AppData\Local\Programs\Microsoft VS Code\bin
USERNAME=Bearwolf
OS=Windows_NT
PROCESSOR_IDENTIFIER=Intel64 Family 6 Model 58 Stepping 9, GenuineIntel



---------------  S Y S T E M  ---------------

OS: Windows 10.0 , 64 bit Build 17134 (10.0.17134.648)

CPU:total 8 (initial active 8) (4 cores per cpu, 2 threads per core) family 6 model 58 stepping 9, cmov, cx8, fxsr, mmx, sse, sse2, sse3, ssse3, sse4.1, sse4.2, popcnt, avx, aes, clmul, erms, ht, tsc, tscinvbit, tscinv

Memory: 4k page, physical 16720432k(1995740k free), swap 29010600k(3288988k free)

vm_info: OpenJDK 64-Bit Server VM (25.152-b01) for windows-amd64 JRE (1.8.0_152-release-1248-b01), built by "builder" with MS VC++ 10.0 (VS2010)

time: Thu Mar 28 21:42:24 2019
elapsed time: 5398 seconds (0d 1h 29m 58s)

